# JRE version: OpenJDK Runtime Environment Temurin-21.0.6+7 (21.0.6+7) (build 21.0.6+7-LTS)
# Java VM: OpenJDK 64-Bit Server VM Temurin-21.0.6+7 (21.0.6+7-LTS, mixed mode, sharing, tiered, compressed oops, compressed class ptrs, parallel gc, windows-amd64)
GC Precious Log:
 CardTable entry size: 512
 CPUs: 4 total, 4 available
 Memory: 3977M
 Large Page Support: Disabled
 NUMA Support: Disabled
 Compressed Oops: Enabled (32-bit)
 Alignments: Space 512K, Generation 512K, Heap 2M
 Heap Min Capacity: 100M
 Heap Initial Capacity: 100M
 Heap Max Capacity: 1G
 Pre-touch: Disabled
 Parallel Workers: 4
Heap:
 PSYoungGen      total 3072K, used 2311K [0x00000000eab00000, 0x00000000eb200000, 0x0000000100000000)
  eden space 2560K, 72% used [0x00000000eab00000,0x00000000eacd1ec8,0x00000000ead80000)
  from space 512K, 87% used [0x00000000eb180000,0x00000000eb1f0000,0x00000000eb200000)
  to   space 2048K, 0% used [0x00000000eae00000,0x00000000eae00000,0x00000000eb000000)
 ParOldGen       total 609280K, used 609027K [0x00000000c0000000, 0x00000000e5300000, 0x00000000eab00000)
  object space 609280K, 99% used [0x00000000c0000000,0x00000000e52c0fe0,0x00000000e5300000)
 Metaspace       used 68057K, committed 69632K, reserved 1114112K
  class space    used 6677K, committed 7360K, reserved 1048576K
GC Heap History (20 events):
Event: 89.169 GC heap after
{Heap after GC invocations=667 (full 4):
 PSYoungGen      total 1536K, used 1008K [0x00000000eab00000, 0x00000000eb080000, 0x0000000100000000)
  eden space 512K, 0% used [0x00000000eab00000,0x00000000eab00000,0x00000000eab80000)
  from space 1024K, 98% used [0x00000000ead80000,0x00000000eae7c2f0,0x00000000eae80000)
  to   space 2048K, 0% used [0x00000000eab80000,0x00000000eab80000,0x00000000ead80000)
 ParOldGen       total 599552K, used 599479K [0x00000000c0000000, 0x00000000e4980000, 0x00000000eab00000)
  object space 599552K, 99% used [0x00000000c0000000,0x00000000e496dde8,0x00000000e4980000)
 Metaspace       used 67579K, committed 69184K, reserved 1114112K
  class space    used 6643K, committed 7360K, reserved 1048576K
}
Event: 89.176 GC heap before
{Heap before GC invocations=668 (full 4):
 PSYoungGen      total 1536K, used 1520K [0x00000000eab00000, 0x00000000eb080000, 0x0000000100000000)
  eden space 512K, 100% used [0x00000000eab00000,0x00000000eab80000,0x00000000eab80000)
  from space 1024K, 98% used [0x00000000ead80000,0x00000000eae7c2f0,0x00000000eae80000)
  to   space 2048K, 0% used [0x00000000eab80000,0x00000000eab80000,0x00000000ead80000)
 ParOldGen       total 599552K, used 599479K [0x00000000c0000000, 0x00000000e4980000, 0x00000000eab00000)
  object space 599552K, 99% used [0x00000000c0000000,0x00000000e496dde8,0x00000000e4980000)
 Metaspace       used 67597K, committed 69184K, reserved 1114112K
  class space    used 6645K, committed 7360K, reserved 1048576K
}
Event: 89.182 GC heap after
{Heap after GC invocations=668 (full 4):
 PSYoungGen      total 1024K, used 384K [0x00000000eab00000, 0x00000000eae00000, 0x0000000100000000)
  eden space 512K, 0% used [0x00000000eab00000,0x00000000eab00000,0x00000000eab80000)
  from space 512K, 75% used [0x00000000eab80000,0x00000000eabe0000,0x00000000eac00000)
  to   space 1024K, 0% used [0x00000000ead00000,0x00000000ead00000,0x00000000eae00000)
 ParOldGen       total 600576K, used 600504K [0x00000000c0000000, 0x00000000e4a80000, 0x00000000eab00000)
  object space 600576K, 99% used [0x00000000c0000000,0x00000000e4a6e0d8,0x00000000e4a80000)
 Metaspace       used 67597K, committed 69184K, reserved 1114112K
  class space    used 6645K, committed 7360K, reserved 1048576K
}
Event: 89.192 GC heap before
{Heap before GC invocations=669 (full 4):
 PSYoungGen      total 1024K, used 896K [0x00000000eab00000, 0x00000000eae00000, 0x0000000100000000)
  eden space 512K, 100% used [0x00000000eab00000,0x00000000eab80000,0x00000000eab80000)
  from space 512K, 75% used [0x00000000eab80000,0x00000000eabe0000,0x00000000eac00000)
  to   space 1024K, 0% used [0x00000000ead00000,0x00000000ead00000,0x00000000eae00000)
 ParOldGen       total 600576K, used 600504K [0x00000000c0000000, 0x00000000e4a80000, 0x00000000eab00000)
  object space 600576K, 99% used [0x00000000c0000000,0x00000000e4a6e0d8,0x00000000e4a80000)
 Metaspace       used 67602K, committed 69184K, reserved 1114112K
  class space    used 6645K, committed 7360K, reserved 1048576K
}
Event: 89.199 GC heap after
{Heap after GC invocations=669 (full 4):
 PSYoungGen      total 1536K, used 352K [0x00000000eab00000, 0x00000000ead80000, 0x0000000100000000)
  eden space 1024K, 0% used [0x00000000eab00000,0x00000000eab00000,0x00000000eac00000)
  from space 512K, 68% used [0x00000000ead00000,0x00000000ead58000,0x00000000ead80000)
  to   space 512K, 0% used [0x00000000eac80000,0x00000000eac80000,0x00000000ead00000)
 ParOldGen       total 601088K, used 600784K [0x00000000c0000000, 0x00000000e4b00000, 0x00000000eab00000)
  object space 601088K, 99% used [0x00000000c0000000,0x00000000e4ab40d8,0x00000000e4b00000)
 Metaspace       used 67602K, committed 69184K, reserved 1114112K
  class space    used 6645K, committed 7360K, reserved 1048576K
}
Event: 89.234 GC heap before
{Heap before GC invocations=670 (full 4):
 PSYoungGen      total 1536K, used 1375K [0x00000000eab00000, 0x00000000ead80000, 0x0000000100000000)
  eden space 1024K, 99% used [0x00000000eab00000,0x00000000eabfffd8,0x00000000eac00000)
  from space 512K, 68% used [0x00000000ead00000,0x00000000ead58000,0x00000000ead80000)
  to   space 512K, 0% used [0x00000000eac80000,0x00000000eac80000,0x00000000ead00000)
 ParOldGen       total 601088K, used 600784K [0x00000000c0000000, 0x00000000e4b00000, 0x00000000eab00000)
  object space 601088K, 99% used [0x00000000c0000000,0x00000000e4ab40d8,0x00000000e4b00000)
 Metaspace       used 67628K, committed 69184K, reserved 1114112K
  class space    used 6649K, committed 7360K, reserved 1048576K
}
Event: 89.240 GC heap after
{Heap after GC invocations=670 (full 4):
 PSYoungGen      total 2048K, used 512K [0x00000000eab00000, 0x00000000eae80000, 0x0000000100000000)
  eden space 1536K, 0% used [0x00000000eab00000,0x00000000eab00000,0x00000000eac80000)
  from space 512K, 100% used [0x00000000eac80000,0x00000000ead00000,0x00000000ead00000)
  to   space 1024K, 0% used [0x00000000ead80000,0x00000000ead80000,0x00000000eae80000)
 ParOldGen       total 601088K, used 601076K [0x00000000c0000000, 0x00000000e4b00000, 0x00000000eab00000)
  object space 601088K, 99% used [0x00000000c0000000,0x00000000e4afd0e8,0x00000000e4b00000)
 Metaspace       used 67628K, committed 69184K, reserved 1114112K
  class space    used 6649K, committed 7360K, reserved 1048576K
}
Event: 89.256 GC heap before
{Heap before GC invocations=671 (full 4):
 PSYoungGen      total 2048K, used 2048K [0x00000000eab00000, 0x00000000eae80000, 0x0000000100000000)
  eden space 1536K, 100% used [0x00000000eab00000,0x00000000eac80000,0x00000000eac80000)
  from space 512K, 100% used [0x00000000eac80000,0x00000000ead00000,0x00000000ead00000)
  to   space 1024K, 0% used [0x00000000ead80000,0x00000000ead80000,0x00000000eae80000)
 ParOldGen       total 601088K, used 601076K [0x00000000c0000000, 0x00000000e4b00000, 0x00000000eab00000)
  object space 601088K, 99% used [0x00000000c0000000,0x00000000e4afd0e8,0x00000000e4b00000)
 Metaspace       used 67662K, committed 69248K, reserved 1114112K
  class space    used 6652K, committed 7360K, reserved 1048576K
}
Event: 89.263 GC heap after
{Heap after GC invocations=671 (full 4):
 PSYoungGen      total 2560K, used 656K [0x00000000eab00000, 0x00000000eaf00000, 0x0000000100000000)
  eden space 1536K, 0% used [0x00000000eab00000,0x00000000eab00000,0x00000000eac80000)
  from space 1024K, 64% used [0x00000000ead80000,0x00000000eae24010,0x00000000eae80000)
  to   space 1024K, 0% used [0x00000000eac80000,0x00000000eac80000,0x00000000ead80000)
 ParOldGen       total 601600K, used 601572K [0x00000000c0000000, 0x00000000e4b80000, 0x00000000eab00000)
  object space 601600K, 99% used [0x00000000c0000000,0x00000000e4b790e8,0x00000000e4b80000)
 Metaspace       used 67662K, committed 69248K, reserved 1114112K
  class space    used 6652K, committed 7360K, reserved 1048576K
}
Event: 89.280 GC heap before
{Heap before GC invocations=672 (full 4):
 PSYoungGen      total 2560K, used 2192K [0x00000000eab00000, 0x00000000eaf00000, 0x0000000100000000)
  eden space 1536K, 100% used [0x00000000eab00000,0x00000000eac80000,0x00000000eac80000)
  from space 1024K, 64% used [0x00000000ead80000,0x00000000eae24010,0x00000000eae80000)
  to   space 1024K, 0% used [0x00000000eac80000,0x00000000eac80000,0x00000000ead80000)
 ParOldGen       total 601600K, used 601572K [0x00000000c0000000, 0x00000000e4b80000, 0x00000000eab00000)
  object space 601600K, 99% used [0x00000000c0000000,0x00000000e4b790e8,0x00000000e4b80000)
 Metaspace       used 67685K, committed 69248K, reserved 1114112K
  class space    used 6653K, committed 7360K, reserved 1048576K
}
Event: 89.286 GC heap after
{Heap after GC invocations=672 (full 4):
 PSYoungGen      total 2560K, used 1022K [0x00000000eab00000, 0x00000000eb200000, 0x0000000100000000)
  eden space 1536K, 0% used [0x00000000eab00000,0x00000000eab00000,0x00000000eac80000)
  from space 1024K, 99% used [0x00000000eac80000,0x00000000ead7f890,0x00000000ead80000)
  to   space 2560K, 0% used [0x00000000eaf80000,0x00000000eaf80000,0x00000000eb200000)
 ParOldGen       total 602624K, used 602408K [0x00000000c0000000, 0x00000000e4c80000, 0x00000000eab00000)
  object space 602624K, 99% used [0x00000000c0000000,0x00000000e4c4a0d0,0x00000000e4c80000)
 Metaspace       used 67685K, committed 69248K, reserved 1114112K
  class space    used 6653K, committed 7360K, reserved 1048576K
}
Event: 89.359 GC heap before
{Heap before GC invocations=673 (full 4):
 PSYoungGen      total 2560K, used 2558K [0x00000000eab00000, 0x00000000eb200000, 0x0000000100000000)
  eden space 1536K, 100% used [0x00000000eab00000,0x00000000eac80000,0x00000000eac80000)
  from space 1024K, 99% used [0x00000000eac80000,0x00000000ead7f890,0x00000000ead80000)
  to   space 2560K, 0% used [0x00000000eaf80000,0x00000000eaf80000,0x00000000eb200000)
 ParOldGen       total 602624K, used 602408K [0x00000000c0000000, 0x00000000e4c80000, 0x00000000eab00000)
  object space 602624K, 99% used [0x00000000c0000000,0x00000000e4c4a0d0,0x00000000e4c80000)
 Metaspace       used 67708K, committed 69248K, reserved 1114112K
  class space    used 6654K, committed 7360K, reserved 1048576K
}
Event: 89.369 GC heap after
{Heap after GC invocations=673 (full 4):
 PSYoungGen      total 3072K, used 768K [0x00000000eab00000, 0x00000000eb080000, 0x0000000100000000)
  eden space 2048K, 0% used [0x00000000eab00000,0x00000000eab00000,0x00000000ead00000)
  from space 1024K, 75% used [0x00000000eaf80000,0x00000000eb040000,0x00000000eb080000)
  to   space 1536K, 0% used [0x00000000ead80000,0x00000000ead80000,0x00000000eaf00000)
 ParOldGen       total 603648K, used 603384K [0x00000000c0000000, 0x00000000e4d80000, 0x00000000eab00000)
  object space 603648K, 99% used [0x00000000c0000000,0x00000000e4d3e0d0,0x00000000e4d80000)
 Metaspace       used 67708K, committed 69248K, reserved 1114112K
  class space    used 6654K, committed 7360K, reserved 1048576K
}
Event: 89.490 GC heap before
{Heap before GC invocations=674 (full 4):
 PSYoungGen      total 3072K, used 2816K [0x00000000eab00000, 0x00000000eb080000, 0x0000000100000000)
  eden space 2048K, 100% used [0x00000000eab00000,0x00000000ead00000,0x00000000ead00000)
  from space 1024K, 75% used [0x00000000eaf80000,0x00000000eb040000,0x00000000eb080000)
  to   space 1536K, 0% used [0x00000000ead80000,0x00000000ead80000,0x00000000eaf00000)
 ParOldGen       total 603648K, used 603384K [0x00000000c0000000, 0x00000000e4d80000, 0x00000000eab00000)
  object space 603648K, 99% used [0x00000000c0000000,0x00000000e4d3e0d0,0x00000000e4d80000)
 Metaspace       used 67713K, committed 69312K, reserved 1114112K
  class space    used 6654K, committed 7360K, reserved 1048576K
}
Event: 89.496 GC heap after
{Heap after GC invocations=674 (full 4):
 PSYoungGen      total 4096K, used 1245K [0x00000000eab00000, 0x00000000eb080000, 0x0000000100000000)
  eden space 2560K, 0% used [0x00000000eab00000,0x00000000eab00000,0x00000000ead80000)
  from space 1536K, 81% used [0x00000000ead80000,0x00000000eaeb7628,0x00000000eaf00000)
  to   space 1536K, 0% used [0x00000000eaf00000,0x00000000eaf00000,0x00000000eb080000)
 ParOldGen       total 604160K, used 604100K [0x00000000c0000000, 0x00000000e4e00000, 0x00000000eab00000)
  object space 604160K, 99% used [0x00000000c0000000,0x00000000e4df10e0,0x00000000e4e00000)
 Metaspace       used 67713K, committed 69312K, reserved 1114112K
  class space    used 6654K, committed 7360K, reserved 1048576K
}
Event: 89.542 GC heap before
{Heap before GC invocations=675 (full 4):
 PSYoungGen      total 4096K, used 3805K [0x00000000eab00000, 0x00000000eb080000, 0x0000000100000000)
  eden space 2560K, 100% used [0x00000000eab00000,0x00000000ead80000,0x00000000ead80000)
  from space 1536K, 81% used [0x00000000ead80000,0x00000000eaeb7628,0x00000000eaf00000)
  to   space 1536K, 0% used [0x00000000eaf00000,0x00000000eaf00000,0x00000000eb080000)
 ParOldGen       total 604160K, used 604100K [0x00000000c0000000, 0x00000000e4e00000, 0x00000000eab00000)
  object space 604160K, 99% used [0x00000000c0000000,0x00000000e4df10e0,0x00000000e4e00000)
 Metaspace       used 67721K, committed 69312K, reserved 1114112K
  class space    used 6655K, committed 7360K, reserved 1048576K
}
Event: 89.553 GC heap after
{Heap after GC invocations=675 (full 4):
 PSYoungGen      total 4096K, used 1536K [0x00000000eab00000, 0x00000000eb080000, 0x0000000100000000)
  eden space 2560K, 0% used [0x00000000eab00000,0x00000000eab00000,0x00000000ead80000)
  from space 1536K, 100% used [0x00000000eaf00000,0x00000000eb080000,0x00000000eb080000)
  to   space 1536K, 0% used [0x00000000ead80000,0x00000000ead80000,0x00000000eaf00000)
 ParOldGen       total 605696K, used 605394K [0x00000000c0000000, 0x00000000e4f80000, 0x00000000eab00000)
  object space 605696K, 99% used [0x00000000c0000000,0x00000000e4f34a00,0x00000000e4f80000)
 Metaspace       used 67721K, committed 69312K, reserved 1114112K
  class space    used 6655K, committed 7360K, reserved 1048576K
}
Event: 89.606 GC heap before
{Heap before GC invocations=676 (full 4):
 PSYoungGen      total 4096K, used 4092K [0x00000000eab00000, 0x00000000eb080000, 0x0000000100000000)
  eden space 2560K, 99% used [0x00000000eab00000,0x00000000ead7f328,0x00000000ead80000)
  from space 1536K, 100% used [0x00000000eaf00000,0x00000000eb080000,0x00000000eb080000)
  to   space 1536K, 0% used [0x00000000ead80000,0x00000000ead80000,0x00000000eaf00000)
 ParOldGen       total 605696K, used 605394K [0x00000000c0000000, 0x00000000e4f80000, 0x00000000eab00000)
  object space 605696K, 99% used [0x00000000c0000000,0x00000000e4f34a00,0x00000000e4f80000)
 Metaspace       used 67799K, committed 69376K, reserved 1114112K
  class space    used 6658K, committed 7360K, reserved 1048576K
}
Event: 89.615 GC heap after
{Heap after GC invocations=676 (full 4):
 PSYoungGen      total 4096K, used 1536K [0x00000000eab00000, 0x00000000eb580000, 0x0000000100000000)
  eden space 2560K, 0% used [0x00000000eab00000,0x00000000eab00000,0x00000000ead80000)
  from space 1536K, 100% used [0x00000000ead80000,0x00000000eaf00000,0x00000000eaf00000)
  to   space 4096K, 0% used [0x00000000eb180000,0x00000000eb180000,0x00000000eb580000)
 ParOldGen       total 607744K, used 607463K [0x00000000c0000000, 0x00000000e5180000, 0x00000000eab00000)
  object space 607744K, 99% used [0x00000000c0000000,0x00000000e5139c68,0x00000000e5180000)
 Metaspace       used 67799K, committed 69376K, reserved 1114112K
  class space    used 6658K, committed 7360K, reserved 1048576K
}
Event: 89.747 GC heap before
{Heap before GC invocations=677 (full 4):
 PSYoungGen      total 4096K, used 4095K [0x00000000eab00000, 0x00000000eb580000, 0x0000000100000000)
  eden space 2560K, 99% used [0x00000000eab00000,0x00000000ead7ffe8,0x00000000ead80000)
  from space 1536K, 100% used [0x00000000ead80000,0x00000000eaf00000,0x00000000eaf00000)
  to   space 4096K, 0% used [0x00000000eb180000,0x00000000eb180000,0x00000000eb580000)
 ParOldGen       total 607744K, used 607463K [0x00000000c0000000, 0x00000000e5180000, 0x00000000eab00000)
  object space 607744K, 99% used [0x00000000c0000000,0x00000000e5139c68,0x00000000e5180000)
 Metaspace       used 67932K, committed 69504K, reserved 1114112K
  class space    used 6666K, committed 7360K, reserved 1048576K
}

