# JRE version: OpenJDK Runtime Environment Temurin-21.0.6+7 (21.0.6+7) (build 21.0.6+7-LTS)
# Java VM: OpenJDK 64-Bit Server VM Temurin-21.0.6+7 (21.0.6+7-LTS, mixed mode, sharing, tiered, compressed oops, compressed class ptrs, parallel gc, windows-amd64)
GC Precious Log:
 CardTable entry size: 512
 CPUs: 4 total, 4 available
 Memory: 3977M
 Large Page Support: Disabled
 NUMA Support: Disabled
 Compressed Oops: Enabled (32-bit)
 Alignments: Space 512K, Generation 512K, Heap 2M
 Heap Min Capacity: 100M
 Heap Initial Capacity: 100M
 Heap Max Capacity: 1G
 Pre-touch: Disabled
 Parallel Workers: 4
Heap:
 PSYoungGen      total 3072K, used 2752K [0x00000000eab00000, 0x00000000eaf00000, 0x0000000100000000)
  eden space 2048K, 100% used [0x00000000eab00000,0x00000000ead00000,0x00000000ead00000)
  from space 1024K, 68% used [0x00000000ead00000,0x00000000eadb0000,0x00000000eae00000)
  to   space 1024K, 28% used [0x00000000eae00000,0x00000000eae48000,0x00000000eaf00000)
 ParOldGen       total 593920K, used 593888K [0x00000000c0000000, 0x00000000e4400000, 0x00000000eab00000)
  object space 593920K, 99% used [0x00000000c0000000,0x00000000e43f8108,0x00000000e4400000)
 Metaspace       used 68530K, committed 70016K, reserved 1114112K
  class space    used 6788K, committed 7424K, reserved 1048576K
GC Heap History (20 events):
Event: 778.667 GC heap before
{Heap before GC invocations=631 (full 3):
 PSYoungGen      total 2560K, used 2268K [0x00000000eab00000, 0x00000000eae80000, 0x0000000100000000)
  eden space 2048K, 99% used [0x00000000eab00000,0x00000000eacffc50,0x00000000ead00000)
  from space 512K, 43% used [0x00000000ead80000,0x00000000eadb7690,0x00000000eae00000)
  to   space 512K, 0% used [0x00000000eae00000,0x00000000eae00000,0x00000000eae80000)
 ParOldGen       total 589312K, used 588863K [0x00000000c0000000, 0x00000000e3f80000, 0x00000000eab00000)
  object space 589312K, 99% used [0x00000000c0000000,0x00000000e3f0ffe0,0x00000000e3f80000)
 Metaspace       used 68145K, committed 69568K, reserved 1114112K
  class space    used 6775K, committed 7360K, reserved 1048576K
}
Event: 778.674 GC heap after
{Heap after GC invocations=631 (full 3):
 PSYoungGen      total 2560K, used 132K [0x00000000eab00000, 0x00000000eae80000, 0x0000000100000000)
  eden space 2048K, 0% used [0x00000000eab00000,0x00000000eab00000,0x00000000ead00000)
  from space 512K, 25% used [0x00000000eae00000,0x00000000eae211c0,0x00000000eae80000)
  to   space 512K, 0% used [0x00000000ead80000,0x00000000ead80000,0x00000000eae00000)
 ParOldGen       total 589312K, used 588933K [0x00000000c0000000, 0x00000000e3f80000, 0x00000000eab00000)
  object space 589312K, 99% used [0x00000000c0000000,0x00000000e3f21660,0x00000000e3f80000)
 Metaspace       used 68145K, committed 69568K, reserved 1114112K
  class space    used 6775K, committed 7360K, reserved 1048576K
}
Event: 778.745 GC heap before
{Heap before GC invocations=632 (full 3):
 PSYoungGen      total 2560K, used 2180K [0x00000000eab00000, 0x00000000eae80000, 0x0000000100000000)
  eden space 2048K, 100% used [0x00000000eab00000,0x00000000ead00000,0x00000000ead00000)
  from space 512K, 25% used [0x00000000eae00000,0x00000000eae211c0,0x00000000eae80000)
  to   space 512K, 0% used [0x00000000ead80000,0x00000000ead80000,0x00000000eae00000)
 ParOldGen       total 589312K, used 588933K [0x00000000c0000000, 0x00000000e3f80000, 0x00000000eab00000)
  object space 589312K, 99% used [0x00000000c0000000,0x00000000e3f21660,0x00000000e3f80000)
 Metaspace       used 68175K, committed 69632K, reserved 1114112K
  class space    used 6776K, committed 7360K, reserved 1048576K
}
Event: 778.752 GC heap after
{Heap after GC invocations=632 (full 3):
 PSYoungGen      total 2560K, used 500K [0x00000000eab00000, 0x00000000eb000000, 0x0000000100000000)
  eden space 2048K, 0% used [0x00000000eab00000,0x00000000eab00000,0x00000000ead00000)
  from space 512K, 97% used [0x00000000ead80000,0x00000000eadfd3b0,0x00000000eae00000)
  to   space 1536K, 0% used [0x00000000eae80000,0x00000000eae80000,0x00000000eb000000)
 ParOldGen       total 589824K, used 589374K [0x00000000c0000000, 0x00000000e4000000, 0x00000000eab00000)
  object space 589824K, 99% used [0x00000000c0000000,0x00000000e3f8fba0,0x00000000e4000000)
 Metaspace       used 68175K, committed 69632K, reserved 1114112K
  class space    used 6776K, committed 7360K, reserved 1048576K
}
Event: 778.841 GC heap before
{Heap before GC invocations=633 (full 3):
 PSYoungGen      total 2560K, used 2548K [0x00000000eab00000, 0x00000000eb000000, 0x0000000100000000)
  eden space 2048K, 100% used [0x00000000eab00000,0x00000000ead00000,0x00000000ead00000)
  from space 512K, 97% used [0x00000000ead80000,0x00000000eadfd3b0,0x00000000eae00000)
  to   space 1536K, 0% used [0x00000000eae80000,0x00000000eae80000,0x00000000eb000000)
 ParOldGen       total 589824K, used 589374K [0x00000000c0000000, 0x00000000e4000000, 0x00000000eab00000)
  object space 589824K, 99% used [0x00000000c0000000,0x00000000e3f8fba0,0x00000000e4000000)
 Metaspace       used 68360K, committed 69760K, reserved 1114112K
  class space    used 6785K, committed 7360K, reserved 1048576K
}
Event: 778.847 GC heap after
{Heap after GC invocations=633 (full 3):
 PSYoungGen      total 2560K, used 391K [0x00000000eab00000, 0x00000000eaf00000, 0x0000000100000000)
  eden space 2048K, 0% used [0x00000000eab00000,0x00000000eab00000,0x00000000ead00000)
  from space 512K, 76% used [0x00000000eae80000,0x00000000eaee1f20,0x00000000eaf00000)
  to   space 1024K, 0% used [0x00000000ead00000,0x00000000ead00000,0x00000000eae00000)
 ParOldGen       total 589824K, used 589605K [0x00000000c0000000, 0x00000000e4000000, 0x00000000eab00000)
  object space 589824K, 99% used [0x00000000c0000000,0x00000000e3fc9420,0x00000000e4000000)
 Metaspace       used 68360K, committed 69760K, reserved 1114112K
  class space    used 6785K, committed 7360K, reserved 1048576K
}
Event: 778.921 GC heap before
{Heap before GC invocations=634 (full 3):
 PSYoungGen      total 2560K, used 2439K [0x00000000eab00000, 0x00000000eaf00000, 0x0000000100000000)
  eden space 2048K, 100% used [0x00000000eab00000,0x00000000ead00000,0x00000000ead00000)
  from space 512K, 76% used [0x00000000eae80000,0x00000000eaee1f20,0x00000000eaf00000)
  to   space 1024K, 0% used [0x00000000ead00000,0x00000000ead00000,0x00000000eae00000)
 ParOldGen       total 589824K, used 589605K [0x00000000c0000000, 0x00000000e4000000, 0x00000000eab00000)
  object space 589824K, 99% used [0x00000000c0000000,0x00000000e3fc9420,0x00000000e4000000)
 Metaspace       used 68362K, committed 69760K, reserved 1114112K
  class space    used 6785K, committed 7360K, reserved 1048576K
}
Event: 778.925 GC heap after
{Heap after GC invocations=634 (full 3):
 PSYoungGen      total 3072K, used 720K [0x00000000eab00000, 0x00000000eaf00000, 0x0000000100000000)
  eden space 2048K, 0% used [0x00000000eab00000,0x00000000eab00000,0x00000000ead00000)
  from space 1024K, 70% used [0x00000000ead00000,0x00000000eadb4010,0x00000000eae00000)
  to   space 1024K, 0% used [0x00000000eae00000,0x00000000eae00000,0x00000000eaf00000)
 ParOldGen       total 589824K, used 589820K [0x00000000c0000000, 0x00000000e4000000, 0x00000000eab00000)
  object space 589824K, 99% used [0x00000000c0000000,0x00000000e3fff098,0x00000000e4000000)
 Metaspace       used 68362K, committed 69760K, reserved 1114112K
  class space    used 6785K, committed 7360K, reserved 1048576K
}
Event: 779.267 GC heap before
{Heap before GC invocations=635 (full 3):
 PSYoungGen      total 3072K, used 2768K [0x00000000eab00000, 0x00000000eaf00000, 0x0000000100000000)
  eden space 2048K, 100% used [0x00000000eab00000,0x00000000ead00000,0x00000000ead00000)
  from space 1024K, 70% used [0x00000000ead00000,0x00000000eadb4010,0x00000000eae00000)
  to   space 1024K, 0% used [0x00000000eae00000,0x00000000eae00000,0x00000000eaf00000)
 ParOldGen       total 589824K, used 589820K [0x00000000c0000000, 0x00000000e4000000, 0x00000000eab00000)
  object space 589824K, 99% used [0x00000000c0000000,0x00000000e3fff098,0x00000000e4000000)
 Metaspace       used 68421K, committed 69888K, reserved 1114112K
  class space    used 6787K, committed 7424K, reserved 1048576K
}
Event: 779.275 GC heap after
{Heap after GC invocations=635 (full 3):
 PSYoungGen      total 3072K, used 480K [0x00000000eab00000, 0x00000000eaf00000, 0x0000000100000000)
  eden space 2048K, 0% used [0x00000000eab00000,0x00000000eab00000,0x00000000ead00000)
  from space 1024K, 46% used [0x00000000eae00000,0x00000000eae78000,0x00000000eaf00000)
  to   space 1024K, 0% used [0x00000000ead00000,0x00000000ead00000,0x00000000eae00000)
 ParOldGen       total 590848K, used 590521K [0x00000000c0000000, 0x00000000e4100000, 0x00000000eab00000)
  object space 590848K, 99% used [0x00000000c0000000,0x00000000e40ae548,0x00000000e4100000)
 Metaspace       used 68421K, committed 69888K, reserved 1114112K
  class space    used 6787K, committed 7424K, reserved 1048576K
}
Event: 779.411 GC heap before
{Heap before GC invocations=636 (full 3):
 PSYoungGen      total 3072K, used 2528K [0x00000000eab00000, 0x00000000eaf00000, 0x0000000100000000)
  eden space 2048K, 100% used [0x00000000eab00000,0x00000000ead00000,0x00000000ead00000)
  from space 1024K, 46% used [0x00000000eae00000,0x00000000eae78000,0x00000000eaf00000)
  to   space 1024K, 0% used [0x00000000ead00000,0x00000000ead00000,0x00000000eae00000)
 ParOldGen       total 590848K, used 590521K [0x00000000c0000000, 0x00000000e4100000, 0x00000000eab00000)
  object space 590848K, 99% used [0x00000000c0000000,0x00000000e40ae548,0x00000000e4100000)
 Metaspace       used 68425K, committed 69888K, reserved 1114112K
  class space    used 6787K, committed 7424K, reserved 1048576K
}
Event: 779.416 GC heap after
{Heap after GC invocations=636 (full 3):
 PSYoungGen      total 3072K, used 624K [0x00000000eab00000, 0x00000000eaf00000, 0x0000000100000000)
  eden space 2048K, 0% used [0x00000000eab00000,0x00000000eab00000,0x00000000ead00000)
  from space 1024K, 61% used [0x00000000ead00000,0x00000000ead9c2b0,0x00000000eae00000)
  to   space 1024K, 0% used [0x00000000eae00000,0x00000000eae00000,0x00000000eaf00000)
 ParOldGen       total 591360K, used 590922K [0x00000000c0000000, 0x00000000e4180000, 0x00000000eab00000)
  object space 591360K, 99% used [0x00000000c0000000,0x00000000e4112858,0x00000000e4180000)
 Metaspace       used 68425K, committed 69888K, reserved 1114112K
  class space    used 6787K, committed 7424K, reserved 1048576K
}
Event: 779.780 GC heap before
{Heap before GC invocations=637 (full 3):
 PSYoungGen      total 3072K, used 2672K [0x00000000eab00000, 0x00000000eaf00000, 0x0000000100000000)
  eden space 2048K, 100% used [0x00000000eab00000,0x00000000ead00000,0x00000000ead00000)
  from space 1024K, 61% used [0x00000000ead00000,0x00000000ead9c2b0,0x00000000eae00000)
  to   space 1024K, 0% used [0x00000000eae00000,0x00000000eae00000,0x00000000eaf00000)
 ParOldGen       total 591360K, used 590922K [0x00000000c0000000, 0x00000000e4180000, 0x00000000eab00000)
  object space 591360K, 99% used [0x00000000c0000000,0x00000000e4112858,0x00000000e4180000)
 Metaspace       used 68464K, committed 69888K, reserved 1114112K
  class space    used 6787K, committed 7424K, reserved 1048576K
}
Event: 779.790 GC heap after
{Heap after GC invocations=637 (full 3):
 PSYoungGen      total 3072K, used 800K [0x00000000eab00000, 0x00000000eaf00000, 0x0000000100000000)
  eden space 2048K, 0% used [0x00000000eab00000,0x00000000eab00000,0x00000000ead00000)
  from space 1024K, 78% used [0x00000000eae00000,0x00000000eaec8000,0x00000000eaf00000)
  to   space 1024K, 0% used [0x00000000ead00000,0x00000000ead00000,0x00000000eae00000)
 ParOldGen       total 591872K, used 591449K [0x00000000c0000000, 0x00000000e4200000, 0x00000000eab00000)
  object space 591872K, 99% used [0x00000000c0000000,0x00000000e4196558,0x00000000e4200000)
 Metaspace       used 68464K, committed 69888K, reserved 1114112K
  class space    used 6787K, committed 7424K, reserved 1048576K
}
Event: 779.898 GC heap before
{Heap before GC invocations=638 (full 3):
 PSYoungGen      total 3072K, used 2848K [0x00000000eab00000, 0x00000000eaf00000, 0x0000000100000000)
  eden space 2048K, 100% used [0x00000000eab00000,0x00000000ead00000,0x00000000ead00000)
  from space 1024K, 78% used [0x00000000eae00000,0x00000000eaec8000,0x00000000eaf00000)
  to   space 1024K, 0% used [0x00000000ead00000,0x00000000ead00000,0x00000000eae00000)
 ParOldGen       total 591872K, used 591449K [0x00000000c0000000, 0x00000000e4200000, 0x00000000eab00000)
  object space 591872K, 99% used [0x00000000c0000000,0x00000000e4196558,0x00000000e4200000)
 Metaspace       used 68487K, committed 69952K, reserved 1114112K
  class space    used 6787K, committed 7424K, reserved 1048576K
}
Event: 779.904 GC heap after
{Heap after GC invocations=638 (full 3):
 PSYoungGen      total 3072K, used 592K [0x00000000eab00000, 0x00000000eaf00000, 0x0000000100000000)
  eden space 2048K, 0% used [0x00000000eab00000,0x00000000eab00000,0x00000000ead00000)
  from space 1024K, 57% used [0x00000000ead00000,0x00000000ead942b0,0x00000000eae00000)
  to   space 1024K, 0% used [0x00000000eae00000,0x00000000eae00000,0x00000000eaf00000)
 ParOldGen       total 592384K, used 592169K [0x00000000c0000000, 0x00000000e4280000, 0x00000000eab00000)
  object space 592384K, 99% used [0x00000000c0000000,0x00000000e424a598,0x00000000e4280000)
 Metaspace       used 68487K, committed 69952K, reserved 1114112K
  class space    used 6787K, committed 7424K, reserved 1048576K
}
Event: 779.998 GC heap before
{Heap before GC invocations=639 (full 3):
 PSYoungGen      total 3072K, used 2640K [0x00000000eab00000, 0x00000000eaf00000, 0x0000000100000000)
  eden space 2048K, 100% used [0x00000000eab00000,0x00000000ead00000,0x00000000ead00000)
  from space 1024K, 57% used [0x00000000ead00000,0x00000000ead942b0,0x00000000eae00000)
  to   space 1024K, 0% used [0x00000000eae00000,0x00000000eae00000,0x00000000eaf00000)
 ParOldGen       total 592384K, used 592169K [0x00000000c0000000, 0x00000000e4280000, 0x00000000eab00000)
  object space 592384K, 99% used [0x00000000c0000000,0x00000000e424a598,0x00000000e4280000)
 Metaspace       used 68501K, committed 69952K, reserved 1114112K
  class space    used 6788K, committed 7424K, reserved 1048576K
}
Event: 780.005 GC heap after
{Heap after GC invocations=639 (full 3):
 PSYoungGen      total 3072K, used 576K [0x00000000eab00000, 0x00000000eaf00000, 0x0000000100000000)
  eden space 2048K, 0% used [0x00000000eab00000,0x00000000eab00000,0x00000000ead00000)
  from space 1024K, 56% used [0x00000000eae00000,0x00000000eae90000,0x00000000eaf00000)
  to   space 1024K, 0% used [0x00000000ead00000,0x00000000ead00000,0x00000000eae00000)
 ParOldGen       total 592896K, used 592678K [0x00000000c0000000, 0x00000000e4300000, 0x00000000eab00000)
  object space 592896K, 99% used [0x00000000c0000000,0x00000000e42c9958,0x00000000e4300000)
 Metaspace       used 68501K, committed 69952K, reserved 1114112K
  class space    used 6788K, committed 7424K, reserved 1048576K
}
Event: 780.418 GC heap before
{Heap before GC invocations=640 (full 3):
 PSYoungGen      total 3072K, used 2624K [0x00000000eab00000, 0x00000000eaf00000, 0x0000000100000000)
  eden space 2048K, 100% used [0x00000000eab00000,0x00000000ead00000,0x00000000ead00000)
  from space 1024K, 56% used [0x00000000eae00000,0x00000000eae90000,0x00000000eaf00000)
  to   space 1024K, 0% used [0x00000000ead00000,0x00000000ead00000,0x00000000eae00000)
 ParOldGen       total 592896K, used 592678K [0x00000000c0000000, 0x00000000e4300000, 0x00000000eab00000)
  object space 592896K, 99% used [0x00000000c0000000,0x00000000e42c9958,0x00000000e4300000)
 Metaspace       used 68515K, committed 70016K, reserved 1114112K
  class space    used 6788K, committed 7424K, reserved 1048576K
}
Event: 780.428 GC heap after
{Heap after GC invocations=640 (full 3):
 PSYoungGen      total 3072K, used 704K [0x00000000eab00000, 0x00000000eaf00000, 0x0000000100000000)
  eden space 2048K, 0% used [0x00000000eab00000,0x00000000eab00000,0x00000000ead00000)
  from space 1024K, 68% used [0x00000000ead00000,0x00000000eadb0000,0x00000000eae00000)
  to   space 1024K, 0% used [0x00000000eae00000,0x00000000eae00000,0x00000000eaf00000)
 ParOldGen       total 593408K, used 593218K [0x00000000c0000000, 0x00000000e4380000, 0x00000000eab00000)
  object space 593408K, 99% used [0x00000000c0000000,0x00000000e4350988,0x00000000e4380000)
 Metaspace       used 68515K, committed 70016K, reserved 1114112K
  class space    used 6788K, committed 7424K, reserved 1048576K
}

