# JRE version: OpenJDK Runtime Environment Temurin-21.0.6+7 (21.0.6+7) (build 21.0.6+7-LTS)
# Java VM: OpenJDK 64-Bit Server VM Temurin-21.0.6+7 (21.0.6+7-LTS, mixed mode, sharing, tiered, compressed oops, compressed class ptrs, parallel gc, windows-amd64)
GC Precious Log:
 CardTable entry size: 512
 CPUs: 4 total, 4 available
 Memory: 3977M
 Large Page Support: Disabled
 NUMA Support: Disabled
 Compressed Oops: Enabled (32-bit)
 Alignments: Space 512K, Generation 512K, Heap 2M
 Heap Min Capacity: 100M
 Heap Initial Capacity: 100M
 Heap Max Capacity: 1G
 Pre-touch: Disabled
 Parallel Workers: 4
Heap:
 PSYoungGen      total 2048K, used 1874K [0x00000000eab00000, 0x00000000eae80000, 0x0000000100000000)
  eden space 1536K, 90% used [0x00000000eab00000,0x00000000eac5cbe0,0x00000000eac80000)
  from space 512K, 93% used [0x00000000ead00000,0x00000000ead78000,0x00000000ead80000)
  to   space 1024K, 0% used [0x00000000ead80000,0x00000000ead80000,0x00000000eae80000)
 ParOldGen       total 517632K, used 517282K [0x00000000c0000000, 0x00000000df980000, 0x00000000eab00000)
  object space 517632K, 99% used [0x00000000c0000000,0x00000000df928a50,0x00000000df980000)
 Metaspace       used 74250K, committed 75904K, reserved 1179648K
  class space    used 7484K, committed 8192K, reserved 1048576K
GC Heap History (20 events):
Event: 171.550 GC heap before
{Heap before GC invocations=574 (full 3):
 PSYoungGen      total 1536K, used 1200K [0x00000000eab00000, 0x00000000eae00000, 0x0000000100000000)
  eden space 1024K, 100% used [0x00000000eab00000,0x00000000eac00000,0x00000000eac00000)
  from space 512K, 34% used [0x00000000ead80000,0x00000000eadac010,0x00000000eae00000)
  to   space 512K, 0% used [0x00000000ead00000,0x00000000ead00000,0x00000000ead80000)
 ParOldGen       total 515584K, used 515202K [0x00000000c0000000, 0x00000000df780000, 0x00000000eab00000)
  object space 515584K, 99% used [0x00000000c0000000,0x00000000df7208c0,0x00000000df780000)
 Metaspace       used 74156K, committed 75840K, reserved 1179648K
  class space    used 7484K, committed 8192K, reserved 1048576K
}
Event: 171.553 GC heap after
{Heap after GC invocations=574 (full 3):
 PSYoungGen      total 1536K, used 240K [0x00000000eab00000, 0x00000000eae00000, 0x0000000100000000)
  eden space 1024K, 0% used [0x00000000eab00000,0x00000000eab00000,0x00000000eac00000)
  from space 512K, 46% used [0x00000000ead00000,0x00000000ead3c010,0x00000000ead80000)
  to   space 512K, 0% used [0x00000000ead80000,0x00000000ead80000,0x00000000eae00000)
 ParOldGen       total 515584K, used 515250K [0x00000000c0000000, 0x00000000df780000, 0x00000000eab00000)
  object space 515584K, 99% used [0x00000000c0000000,0x00000000df72c8c0,0x00000000df780000)
 Metaspace       used 74156K, committed 75840K, reserved 1179648K
  class space    used 7484K, committed 8192K, reserved 1048576K
}
Event: 171.596 GC heap before
{Heap before GC invocations=575 (full 3):
 PSYoungGen      total 1536K, used 1264K [0x00000000eab00000, 0x00000000eae00000, 0x0000000100000000)
  eden space 1024K, 100% used [0x00000000eab00000,0x00000000eac00000,0x00000000eac00000)
  from space 512K, 46% used [0x00000000ead00000,0x00000000ead3c010,0x00000000ead80000)
  to   space 512K, 0% used [0x00000000ead80000,0x00000000ead80000,0x00000000eae00000)
 ParOldGen       total 515584K, used 515250K [0x00000000c0000000, 0x00000000df780000, 0x00000000eab00000)
  object space 515584K, 99% used [0x00000000c0000000,0x00000000df72c8c0,0x00000000df780000)
 Metaspace       used 74160K, committed 75840K, reserved 1179648K
  class space    used 7484K, committed 8192K, reserved 1048576K
}
Event: 171.600 GC heap after
{Heap after GC invocations=575 (full 3):
 PSYoungGen      total 1536K, used 384K [0x00000000eab00000, 0x00000000eae00000, 0x0000000100000000)
  eden space 1024K, 0% used [0x00000000eab00000,0x00000000eab00000,0x00000000eac00000)
  from space 512K, 75% used [0x00000000ead80000,0x00000000eade0000,0x00000000eae00000)
  to   space 512K, 0% used [0x00000000ead00000,0x00000000ead00000,0x00000000ead80000)
 ParOldGen       total 515584K, used 515479K [0x00000000c0000000, 0x00000000df780000, 0x00000000eab00000)
  object space 515584K, 99% used [0x00000000c0000000,0x00000000df765d70,0x00000000df780000)
 Metaspace       used 74160K, committed 75840K, reserved 1179648K
  class space    used 7484K, committed 8192K, reserved 1048576K
}
Event: 171.631 GC heap before
{Heap before GC invocations=576 (full 3):
 PSYoungGen      total 1536K, used 1408K [0x00000000eab00000, 0x00000000eae00000, 0x0000000100000000)
  eden space 1024K, 100% used [0x00000000eab00000,0x00000000eac00000,0x00000000eac00000)
  from space 512K, 75% used [0x00000000ead80000,0x00000000eade0000,0x00000000eae00000)
  to   space 512K, 0% used [0x00000000ead00000,0x00000000ead00000,0x00000000ead80000)
 ParOldGen       total 515584K, used 515479K [0x00000000c0000000, 0x00000000df780000, 0x00000000eab00000)
  object space 515584K, 99% used [0x00000000c0000000,0x00000000df765d70,0x00000000df780000)
 Metaspace       used 74165K, committed 75840K, reserved 1179648K
  class space    used 7484K, committed 8192K, reserved 1048576K
}
Event: 171.638 GC heap after
{Heap after GC invocations=576 (full 3):
 PSYoungGen      total 1536K, used 384K [0x00000000eab00000, 0x00000000eae00000, 0x0000000100000000)
  eden space 1024K, 0% used [0x00000000eab00000,0x00000000eab00000,0x00000000eac00000)
  from space 512K, 75% used [0x00000000ead00000,0x00000000ead60000,0x00000000ead80000)
  to   space 512K, 0% used [0x00000000ead80000,0x00000000ead80000,0x00000000eae00000)
 ParOldGen       total 516096K, used 515800K [0x00000000c0000000, 0x00000000df800000, 0x00000000eab00000)
  object space 516096K, 99% used [0x00000000c0000000,0x00000000df7b6020,0x00000000df800000)
 Metaspace       used 74165K, committed 75840K, reserved 1179648K
  class space    used 7484K, committed 8192K, reserved 1048576K
}
Event: 171.692 GC heap before
{Heap before GC invocations=577 (full 3):
 PSYoungGen      total 1536K, used 1408K [0x00000000eab00000, 0x00000000eae00000, 0x0000000100000000)
  eden space 1024K, 100% used [0x00000000eab00000,0x00000000eac00000,0x00000000eac00000)
  from space 512K, 75% used [0x00000000ead00000,0x00000000ead60000,0x00000000ead80000)
  to   space 512K, 0% used [0x00000000ead80000,0x00000000ead80000,0x00000000eae00000)
 ParOldGen       total 516096K, used 515800K [0x00000000c0000000, 0x00000000df800000, 0x00000000eab00000)
  object space 516096K, 99% used [0x00000000c0000000,0x00000000df7b6020,0x00000000df800000)
 Metaspace       used 74166K, committed 75840K, reserved 1179648K
  class space    used 7484K, committed 8192K, reserved 1048576K
}
Event: 171.699 GC heap after
{Heap after GC invocations=577 (full 3):
 PSYoungGen      total 1536K, used 320K [0x00000000eab00000, 0x00000000eae00000, 0x0000000100000000)
  eden space 1024K, 0% used [0x00000000eab00000,0x00000000eab00000,0x00000000eac00000)
  from space 512K, 62% used [0x00000000ead80000,0x00000000eadd0000,0x00000000eae00000)
  to   space 512K, 0% used [0x00000000ead00000,0x00000000ead00000,0x00000000ead80000)
 ParOldGen       total 516608K, used 516121K [0x00000000c0000000, 0x00000000df880000, 0x00000000eab00000)
  object space 516608K, 99% used [0x00000000c0000000,0x00000000df806580,0x00000000df880000)
 Metaspace       used 74166K, committed 75840K, reserved 1179648K
  class space    used 7484K, committed 8192K, reserved 1048576K
}
Event: 171.717 GC heap before
{Heap before GC invocations=578 (full 3):
 PSYoungGen      total 1536K, used 1344K [0x00000000eab00000, 0x00000000eae00000, 0x0000000100000000)
  eden space 1024K, 100% used [0x00000000eab00000,0x00000000eac00000,0x00000000eac00000)
  from space 512K, 62% used [0x00000000ead80000,0x00000000eadd0000,0x00000000eae00000)
  to   space 512K, 0% used [0x00000000ead00000,0x00000000ead00000,0x00000000ead80000)
 ParOldGen       total 516608K, used 516121K [0x00000000c0000000, 0x00000000df880000, 0x00000000eab00000)
  object space 516608K, 99% used [0x00000000c0000000,0x00000000df806580,0x00000000df880000)
 Metaspace       used 74234K, committed 75904K, reserved 1179648K
  class space    used 7484K, committed 8192K, reserved 1048576K
}
Event: 171.722 GC heap after
{Heap after GC invocations=578 (full 3):
 PSYoungGen      total 1536K, used 160K [0x00000000eab00000, 0x00000000eae00000, 0x0000000100000000)
  eden space 1024K, 0% used [0x00000000eab00000,0x00000000eab00000,0x00000000eac00000)
  from space 512K, 31% used [0x00000000ead00000,0x00000000ead28000,0x00000000ead80000)
  to   space 512K, 0% used [0x00000000ead80000,0x00000000ead80000,0x00000000eae00000)
 ParOldGen       total 516608K, used 516345K [0x00000000c0000000, 0x00000000df880000, 0x00000000eab00000)
  object space 516608K, 99% used [0x00000000c0000000,0x00000000df83e580,0x00000000df880000)
 Metaspace       used 74234K, committed 75904K, reserved 1179648K
  class space    used 7484K, committed 8192K, reserved 1048576K
}
Event: 171.772 GC heap before
{Heap before GC invocations=579 (full 3):
 PSYoungGen      total 1536K, used 1184K [0x00000000eab00000, 0x00000000eae00000, 0x0000000100000000)
  eden space 1024K, 100% used [0x00000000eab00000,0x00000000eac00000,0x00000000eac00000)
  from space 512K, 31% used [0x00000000ead00000,0x00000000ead28000,0x00000000ead80000)
  to   space 512K, 0% used [0x00000000ead80000,0x00000000ead80000,0x00000000eae00000)
 ParOldGen       total 516608K, used 516345K [0x00000000c0000000, 0x00000000df880000, 0x00000000eab00000)
  object space 516608K, 99% used [0x00000000c0000000,0x00000000df83e580,0x00000000df880000)
 Metaspace       used 74234K, committed 75904K, reserved 1179648K
  class space    used 7484K, committed 8192K, reserved 1048576K
}
Event: 171.775 GC heap after
{Heap after GC invocations=579 (full 3):
 PSYoungGen      total 1536K, used 288K [0x00000000eab00000, 0x00000000eae00000, 0x0000000100000000)
  eden space 1024K, 0% used [0x00000000eab00000,0x00000000eab00000,0x00000000eac00000)
  from space 512K, 56% used [0x00000000ead80000,0x00000000eadc8000,0x00000000eae00000)
  to   space 512K, 0% used [0x00000000ead00000,0x00000000ead00000,0x00000000ead80000)
 ParOldGen       total 516608K, used 516425K [0x00000000c0000000, 0x00000000df880000, 0x00000000eab00000)
  object space 516608K, 99% used [0x00000000c0000000,0x00000000df852580,0x00000000df880000)
 Metaspace       used 74234K, committed 75904K, reserved 1179648K
  class space    used 7484K, committed 8192K, reserved 1048576K
}
Event: 171.838 GC heap before
{Heap before GC invocations=580 (full 3):
 PSYoungGen      total 1536K, used 1312K [0x00000000eab00000, 0x00000000eae00000, 0x0000000100000000)
  eden space 1024K, 100% used [0x00000000eab00000,0x00000000eac00000,0x00000000eac00000)
  from space 512K, 56% used [0x00000000ead80000,0x00000000eadc8000,0x00000000eae00000)
  to   space 512K, 0% used [0x00000000ead00000,0x00000000ead00000,0x00000000ead80000)
 ParOldGen       total 516608K, used 516425K [0x00000000c0000000, 0x00000000df880000, 0x00000000eab00000)
  object space 516608K, 99% used [0x00000000c0000000,0x00000000df852580,0x00000000df880000)
 Metaspace       used 74237K, committed 75904K, reserved 1179648K
  class space    used 7484K, committed 8192K, reserved 1048576K
}
Event: 171.844 GC heap after
{Heap after GC invocations=580 (full 3):
 PSYoungGen      total 1536K, used 288K [0x00000000eab00000, 0x00000000eae00000, 0x0000000100000000)
  eden space 1024K, 0% used [0x00000000eab00000,0x00000000eab00000,0x00000000eac00000)
  from space 512K, 56% used [0x00000000ead00000,0x00000000ead48000,0x00000000ead80000)
  to   space 512K, 0% used [0x00000000ead80000,0x00000000ead80000,0x00000000eae00000)
 ParOldGen       total 517120K, used 516657K [0x00000000c0000000, 0x00000000df900000, 0x00000000eab00000)
  object space 517120K, 99% used [0x00000000c0000000,0x00000000df88c580,0x00000000df900000)
 Metaspace       used 74237K, committed 75904K, reserved 1179648K
  class space    used 7484K, committed 8192K, reserved 1048576K
}
Event: 171.896 GC heap before
{Heap before GC invocations=581 (full 3):
 PSYoungGen      total 1536K, used 1312K [0x00000000eab00000, 0x00000000eae00000, 0x0000000100000000)
  eden space 1024K, 100% used [0x00000000eab00000,0x00000000eac00000,0x00000000eac00000)
  from space 512K, 56% used [0x00000000ead00000,0x00000000ead48000,0x00000000ead80000)
  to   space 512K, 0% used [0x00000000ead80000,0x00000000ead80000,0x00000000eae00000)
 ParOldGen       total 517120K, used 516657K [0x00000000c0000000, 0x00000000df900000, 0x00000000eab00000)
  object space 517120K, 99% used [0x00000000c0000000,0x00000000df88c580,0x00000000df900000)
 Metaspace       used 74237K, committed 75904K, reserved 1179648K
  class space    used 7484K, committed 8192K, reserved 1048576K
}
Event: 171.902 GC heap after
{Heap after GC invocations=581 (full 3):
 PSYoungGen      total 1536K, used 192K [0x00000000eab00000, 0x00000000eae00000, 0x0000000100000000)
  eden space 1024K, 0% used [0x00000000eab00000,0x00000000eab00000,0x00000000eac00000)
  from space 512K, 37% used [0x00000000ead80000,0x00000000eadb0000,0x00000000eae00000)
  to   space 512K, 0% used [0x00000000ead00000,0x00000000ead00000,0x00000000ead80000)
 ParOldGen       total 517120K, used 516885K [0x00000000c0000000, 0x00000000df900000, 0x00000000eab00000)
  object space 517120K, 99% used [0x00000000c0000000,0x00000000df8c5590,0x00000000df900000)
 Metaspace       used 74237K, committed 75904K, reserved 1179648K
  class space    used 7484K, committed 8192K, reserved 1048576K
}
Event: 171.928 GC heap before
{Heap before GC invocations=582 (full 3):
 PSYoungGen      total 1536K, used 1216K [0x00000000eab00000, 0x00000000eae00000, 0x0000000100000000)
  eden space 1024K, 100% used [0x00000000eab00000,0x00000000eac00000,0x00000000eac00000)
  from space 512K, 37% used [0x00000000ead80000,0x00000000eadb0000,0x00000000eae00000)
  to   space 512K, 0% used [0x00000000ead00000,0x00000000ead00000,0x00000000ead80000)
 ParOldGen       total 517120K, used 516885K [0x00000000c0000000, 0x00000000df900000, 0x00000000eab00000)
  object space 517120K, 99% used [0x00000000c0000000,0x00000000df8c5590,0x00000000df900000)
 Metaspace       used 74241K, committed 75904K, reserved 1179648K
  class space    used 7484K, committed 8192K, reserved 1048576K
}
Event: 171.934 GC heap after
{Heap after GC invocations=582 (full 3):
 PSYoungGen      total 1536K, used 304K [0x00000000eab00000, 0x00000000eae00000, 0x0000000100000000)
  eden space 1024K, 0% used [0x00000000eab00000,0x00000000eab00000,0x00000000eac00000)
  from space 512K, 59% used [0x00000000ead00000,0x00000000ead4c010,0x00000000ead80000)
  to   space 512K, 0% used [0x00000000ead80000,0x00000000ead80000,0x00000000eae00000)
 ParOldGen       total 517120K, used 517041K [0x00000000c0000000, 0x00000000df900000, 0x00000000eab00000)
  object space 517120K, 99% used [0x00000000c0000000,0x00000000df8ec5a0,0x00000000df900000)
 Metaspace       used 74241K, committed 75904K, reserved 1179648K
  class space    used 7484K, committed 8192K, reserved 1048576K
}
Event: 171.942 GC heap before
{Heap before GC invocations=583 (full 3):
 PSYoungGen      total 1536K, used 1328K [0x00000000eab00000, 0x00000000eae00000, 0x0000000100000000)
  eden space 1024K, 100% used [0x00000000eab00000,0x00000000eac00000,0x00000000eac00000)
  from space 512K, 59% used [0x00000000ead00000,0x00000000ead4c010,0x00000000ead80000)
  to   space 512K, 0% used [0x00000000ead80000,0x00000000ead80000,0x00000000eae00000)
 ParOldGen       total 517120K, used 517041K [0x00000000c0000000, 0x00000000df900000, 0x00000000eab00000)
  object space 517120K, 99% used [0x00000000c0000000,0x00000000df8ec5a0,0x00000000df900000)
 Metaspace       used 74241K, committed 75904K, reserved 1179648K
  class space    used 7484K, committed 8192K, reserved 1048576K
}
Event: 171.949 GC heap after
{Heap after GC invocations=583 (full 3):
 PSYoungGen      total 2048K, used 208K [0x00000000eab00000, 0x00000000eae00000, 0x0000000100000000)
  eden space 1536K, 0% used [0x00000000eab00000,0x00000000eab00000,0x00000000eac80000)
  from space 512K, 40% used [0x00000000ead80000,0x00000000eadb4010,0x00000000eae00000)
  to   space 512K, 0% used [0x00000000ead00000,0x00000000ead00000,0x00000000ead80000)
 ParOldGen       total 517632K, used 517181K [0x00000000c0000000, 0x00000000df980000, 0x00000000eab00000)
  object space 517632K, 99% used [0x00000000c0000000,0x00000000df90f5c0,0x00000000df980000)
 Metaspace       used 74241K, committed 75904K, reserved 1179648K
  class space    used 7484K, committed 8192K, reserved 1048576K
}

