# JRE version: OpenJDK Runtime Environment Temurin-21.0.6+7 (21.0.6+7) (build 21.0.6+7-LTS)
# Java VM: OpenJDK 64-Bit Server VM Temurin-21.0.6+7 (21.0.6+7-LTS, mixed mode, sharing, tiered, compressed oops, compressed class ptrs, parallel gc, windows-amd64)
GC Precious Log:
 CardTable entry size: 512
 CPUs: 4 total, 4 available
 Memory: 3977M
 Large Page Support: Disabled
 NUMA Support: Disabled
 Compressed Oops: Enabled (32-bit)
 Alignments: Space 512K, Generation 512K, Heap 2M
 Heap Min Capacity: 100M
 Heap Initial Capacity: 100M
 Heap Max Capacity: 1G
 Pre-touch: Disabled
 Parallel Workers: 4
Heap:
 PSYoungGen      total 7168K, used 7136K [0x00000000eab00000, 0x00000000eb600000, 0x0000000100000000)
  eden space 4096K, 100% used [0x00000000eab00000,0x00000000eaf00000,0x00000000eaf00000)
  from space 3072K, 98% used [0x00000000eaf00000,0x00000000eb1f8000,0x00000000eb200000)
  to   space 3584K, 77% used [0x00000000eb280000,0x00000000eb538000,0x00000000eb600000)
 ParOldGen       total 674304K, used 674296K [0x00000000c0000000, 0x00000000e9280000, 0x00000000eab00000)
  object space 674304K, 99% used [0x00000000c0000000,0x00000000e927e2c0,0x00000000e9280000)
 Metaspace       used 74014K, committed 75520K, reserved 1179648K
  class space    used 7417K, committed 8064K, reserved 1048576K
GC Heap History (20 events):
Event: 227.845 GC heap after
{Heap after GC invocations=1465 (full 4):
 PSYoungGen      total 5632K, used 704K [0x00000000eab00000, 0x00000000eb380000, 0x0000000100000000)
  eden space 4096K, 0% used [0x00000000eab00000,0x00000000eab00000,0x00000000eaf00000)
  from space 1536K, 45% used [0x00000000eb080000,0x00000000eb130000,0x00000000eb200000)
  to   space 1024K, 0% used [0x00000000eb280000,0x00000000eb280000,0x00000000eb380000)
 ParOldGen       total 634368K, used 633983K [0x00000000c0000000, 0x00000000e6b80000, 0x00000000eab00000)
  object space 634368K, 99% used [0x00000000c0000000,0x00000000e6b1fdc0,0x00000000e6b80000)
 Metaspace       used 73901K, committed 75392K, reserved 1179648K
  class space    used 7412K, committed 8064K, reserved 1048576K
}
Event: 228.123 GC heap before
{Heap before GC invocations=1466 (full 4):
 PSYoungGen      total 5632K, used 4799K [0x00000000eab00000, 0x00000000eb380000, 0x0000000100000000)
  eden space 4096K, 99% used [0x00000000eab00000,0x00000000eaeffff0,0x00000000eaf00000)
  from space 1536K, 45% used [0x00000000eb080000,0x00000000eb130000,0x00000000eb200000)
  to   space 1024K, 0% used [0x00000000eb280000,0x00000000eb280000,0x00000000eb380000)
 ParOldGen       total 656896K, used 656002K [0x00000000c0000000, 0x00000000e8180000, 0x00000000eab00000)
  object space 656896K, 99% used [0x00000000c0000000,0x00000000e80a0900,0x00000000e8180000)
 Metaspace       used 73941K, committed 75456K, reserved 1179648K
  class space    used 7415K, committed 8064K, reserved 1048576K
}
Event: 228.135 GC heap after
{Heap after GC invocations=1466 (full 4):
 PSYoungGen      total 5120K, used 1024K [0x00000000eab00000, 0x00000000eb400000, 0x0000000100000000)
  eden space 4096K, 0% used [0x00000000eab00000,0x00000000eab00000,0x00000000eaf00000)
  from space 1024K, 100% used [0x00000000eb280000,0x00000000eb380000,0x00000000eb380000)
  to   space 2560K, 0% used [0x00000000eaf00000,0x00000000eaf00000,0x00000000eb180000)
 ParOldGen       total 657408K, used 656960K [0x00000000c0000000, 0x00000000e8200000, 0x00000000eab00000)
  object space 657408K, 99% used [0x00000000c0000000,0x00000000e81901f0,0x00000000e8200000)
 Metaspace       used 73941K, committed 75456K, reserved 1179648K
  class space    used 7415K, committed 8064K, reserved 1048576K
}
Event: 228.330 GC heap before
{Heap before GC invocations=1467 (full 4):
 PSYoungGen      total 5120K, used 5119K [0x00000000eab00000, 0x00000000eb400000, 0x0000000100000000)
  eden space 4096K, 99% used [0x00000000eab00000,0x00000000eaeffff8,0x00000000eaf00000)
  from space 1024K, 100% used [0x00000000eb280000,0x00000000eb380000,0x00000000eb380000)
  to   space 2560K, 0% used [0x00000000eaf00000,0x00000000eaf00000,0x00000000eb180000)
 ParOldGen       total 657408K, used 656960K [0x00000000c0000000, 0x00000000e8200000, 0x00000000eab00000)
  object space 657408K, 99% used [0x00000000c0000000,0x00000000e81901f0,0x00000000e8200000)
 Metaspace       used 73968K, committed 75456K, reserved 1179648K
  class space    used 7417K, committed 8064K, reserved 1048576K
}
Event: 228.341 GC heap after
{Heap after GC invocations=1467 (full 4):
 PSYoungGen      total 6656K, used 2080K [0x00000000eab00000, 0x00000000eb400000, 0x0000000100000000)
  eden space 4096K, 0% used [0x00000000eab00000,0x00000000eab00000,0x00000000eaf00000)
  from space 2560K, 81% used [0x00000000eaf00000,0x00000000eb108000,0x00000000eb180000)
  to   space 2560K, 0% used [0x00000000eb180000,0x00000000eb180000,0x00000000eb400000)
 ParOldGen       total 658432K, used 657992K [0x00000000c0000000, 0x00000000e8300000, 0x00000000eab00000)
  object space 658432K, 99% used [0x00000000c0000000,0x00000000e82921f0,0x00000000e8300000)
 Metaspace       used 73968K, committed 75456K, reserved 1179648K
  class space    used 7417K, committed 8064K, reserved 1048576K
}
Event: 228.485 GC heap before
{Heap before GC invocations=1468 (full 4):
 PSYoungGen      total 6656K, used 6176K [0x00000000eab00000, 0x00000000eb400000, 0x0000000100000000)
  eden space 4096K, 100% used [0x00000000eab00000,0x00000000eaf00000,0x00000000eaf00000)
  from space 2560K, 81% used [0x00000000eaf00000,0x00000000eb108000,0x00000000eb180000)
  to   space 2560K, 0% used [0x00000000eb180000,0x00000000eb180000,0x00000000eb400000)
 ParOldGen       total 658432K, used 657992K [0x00000000c0000000, 0x00000000e8300000, 0x00000000eab00000)
  object space 658432K, 99% used [0x00000000c0000000,0x00000000e82921f0,0x00000000e8300000)
 Metaspace       used 73989K, committed 75520K, reserved 1179648K
  class space    used 7417K, committed 8064K, reserved 1048576K
}
Event: 228.496 GC heap after
{Heap after GC invocations=1468 (full 4):
 PSYoungGen      total 6144K, used 2016K [0x00000000eab00000, 0x00000000eb380000, 0x0000000100000000)
  eden space 4096K, 0% used [0x00000000eab00000,0x00000000eab00000,0x00000000eaf00000)
  from space 2048K, 98% used [0x00000000eb180000,0x00000000eb378000,0x00000000eb380000)
  to   space 2048K, 0% used [0x00000000eaf80000,0x00000000eaf80000,0x00000000eb180000)
 ParOldGen       total 660480K, used 660033K [0x00000000c0000000, 0x00000000e8500000, 0x00000000eab00000)
  object space 660480K, 99% used [0x00000000c0000000,0x00000000e84906a8,0x00000000e8500000)
 Metaspace       used 73989K, committed 75520K, reserved 1179648K
  class space    used 7417K, committed 8064K, reserved 1048576K
}
Event: 228.544 GC heap before
{Heap before GC invocations=1469 (full 4):
 PSYoungGen      total 6144K, used 6112K [0x00000000eab00000, 0x00000000eb380000, 0x0000000100000000)
  eden space 4096K, 100% used [0x00000000eab00000,0x00000000eaf00000,0x00000000eaf00000)
  from space 2048K, 98% used [0x00000000eb180000,0x00000000eb378000,0x00000000eb380000)
  to   space 2048K, 0% used [0x00000000eaf80000,0x00000000eaf80000,0x00000000eb180000)
 ParOldGen       total 660480K, used 660033K [0x00000000c0000000, 0x00000000e8500000, 0x00000000eab00000)
  object space 660480K, 99% used [0x00000000c0000000,0x00000000e84906a8,0x00000000e8500000)
 Metaspace       used 73992K, committed 75520K, reserved 1179648K
  class space    used 7417K, committed 8064K, reserved 1048576K
}
Event: 228.559 GC heap after
{Heap after GC invocations=1469 (full 4):
 PSYoungGen      total 6144K, used 2048K [0x00000000eab00000, 0x00000000eb800000, 0x0000000100000000)
  eden space 4096K, 0% used [0x00000000eab00000,0x00000000eab00000,0x00000000eaf00000)
  from space 2048K, 100% used [0x00000000eaf80000,0x00000000eb180000,0x00000000eb180000)
  to   space 4608K, 0% used [0x00000000eb380000,0x00000000eb380000,0x00000000eb800000)
 ParOldGen       total 662528K, used 662127K [0x00000000c0000000, 0x00000000e8700000, 0x00000000eab00000)
  object space 662528K, 99% used [0x00000000c0000000,0x00000000e869bc60,0x00000000e8700000)
 Metaspace       used 73992K, committed 75520K, reserved 1179648K
  class space    used 7417K, committed 8064K, reserved 1048576K
}
Event: 228.669 GC heap before
{Heap before GC invocations=1470 (full 4):
 PSYoungGen      total 6144K, used 6144K [0x00000000eab00000, 0x00000000eb800000, 0x0000000100000000)
  eden space 4096K, 100% used [0x00000000eab00000,0x00000000eaf00000,0x00000000eaf00000)
  from space 2048K, 100% used [0x00000000eaf80000,0x00000000eb180000,0x00000000eb180000)
  to   space 4608K, 0% used [0x00000000eb380000,0x00000000eb380000,0x00000000eb800000)
 ParOldGen       total 662528K, used 662127K [0x00000000c0000000, 0x00000000e8700000, 0x00000000eab00000)
  object space 662528K, 99% used [0x00000000c0000000,0x00000000e869bc60,0x00000000e8700000)
 Metaspace       used 73992K, committed 75520K, reserved 1179648K
  class space    used 7417K, committed 8064K, reserved 1048576K
}
Event: 228.685 GC heap after
{Heap after GC invocations=1470 (full 4):
 PSYoungGen      total 6656K, used 2560K [0x00000000eab00000, 0x00000000eb600000, 0x0000000100000000)
  eden space 4096K, 0% used [0x00000000eab00000,0x00000000eab00000,0x00000000eaf00000)
  from space 2560K, 100% used [0x00000000eb380000,0x00000000eb600000,0x00000000eb600000)
  to   space 3584K, 0% used [0x00000000eaf00000,0x00000000eaf00000,0x00000000eb280000)
 ParOldGen       total 664576K, used 664159K [0x00000000c0000000, 0x00000000e8900000, 0x00000000eab00000)
  object space 664576K, 99% used [0x00000000c0000000,0x00000000e8897c60,0x00000000e8900000)
 Metaspace       used 73992K, committed 75520K, reserved 1179648K
  class space    used 7417K, committed 8064K, reserved 1048576K
}
Event: 228.732 GC heap before
{Heap before GC invocations=1471 (full 4):
 PSYoungGen      total 6656K, used 6656K [0x00000000eab00000, 0x00000000eb600000, 0x0000000100000000)
  eden space 4096K, 100% used [0x00000000eab00000,0x00000000eaf00000,0x00000000eaf00000)
  from space 2560K, 100% used [0x00000000eb380000,0x00000000eb600000,0x00000000eb600000)
  to   space 3584K, 0% used [0x00000000eaf00000,0x00000000eaf00000,0x00000000eb280000)
 ParOldGen       total 664576K, used 664159K [0x00000000c0000000, 0x00000000e8900000, 0x00000000eab00000)
  object space 664576K, 99% used [0x00000000c0000000,0x00000000e8897c60,0x00000000e8900000)
 Metaspace       used 74011K, committed 75520K, reserved 1179648K
  class space    used 7417K, committed 8064K, reserved 1048576K
}
Event: 228.753 GC heap after
{Heap after GC invocations=1471 (full 4):
 PSYoungGen      total 7168K, used 2976K [0x00000000eab00000, 0x00000000eb500000, 0x0000000100000000)
  eden space 4096K, 0% used [0x00000000eab00000,0x00000000eab00000,0x00000000eaf00000)
  from space 3072K, 96% used [0x00000000eaf00000,0x00000000eb1e8020,0x00000000eb200000)
  to   space 3072K, 0% used [0x00000000eb200000,0x00000000eb200000,0x00000000eb500000)
 ParOldGen       total 667136K, used 666638K [0x00000000c0000000, 0x00000000e8b80000, 0x00000000eab00000)
  object space 667136K, 99% used [0x00000000c0000000,0x00000000e8b03898,0x00000000e8b80000)
 Metaspace       used 74011K, committed 75520K, reserved 1179648K
  class space    used 7417K, committed 8064K, reserved 1048576K
}
Event: 229.222 GC heap before
{Heap before GC invocations=1472 (full 4):
 PSYoungGen      total 7168K, used 7072K [0x00000000eab00000, 0x00000000eb500000, 0x0000000100000000)
  eden space 4096K, 100% used [0x00000000eab00000,0x00000000eaf00000,0x00000000eaf00000)
  from space 3072K, 96% used [0x00000000eaf00000,0x00000000eb1e8020,0x00000000eb200000)
  to   space 3072K, 0% used [0x00000000eb200000,0x00000000eb200000,0x00000000eb500000)
 ParOldGen       total 667136K, used 666638K [0x00000000c0000000, 0x00000000e8b80000, 0x00000000eab00000)
  object space 667136K, 99% used [0x00000000c0000000,0x00000000e8b03898,0x00000000e8b80000)
 Metaspace       used 74014K, committed 75520K, reserved 1179648K
  class space    used 7417K, committed 8064K, reserved 1048576K
}
Event: 229.239 GC heap after
{Heap after GC invocations=1472 (full 4):
 PSYoungGen      total 7168K, used 2560K [0x00000000eab00000, 0x00000000eb500000, 0x0000000100000000)
  eden space 4096K, 0% used [0x00000000eab00000,0x00000000eab00000,0x00000000eaf00000)
  from space 3072K, 83% used [0x00000000eb200000,0x00000000eb480000,0x00000000eb500000)
  to   space 3072K, 0% used [0x00000000eaf00000,0x00000000eaf00000,0x00000000eb200000)
 ParOldGen       total 669696K, used 669427K [0x00000000c0000000, 0x00000000e8e00000, 0x00000000eab00000)
  object space 669696K, 99% used [0x00000000c0000000,0x00000000e8dbce30,0x00000000e8e00000)
 Metaspace       used 74014K, committed 75520K, reserved 1179648K
  class space    used 7417K, committed 8064K, reserved 1048576K
}
Event: 229.326 GC heap before
{Heap before GC invocations=1473 (full 4):
 PSYoungGen      total 7168K, used 6656K [0x00000000eab00000, 0x00000000eb500000, 0x0000000100000000)
  eden space 4096K, 100% used [0x00000000eab00000,0x00000000eaf00000,0x00000000eaf00000)
  from space 3072K, 83% used [0x00000000eb200000,0x00000000eb480000,0x00000000eb500000)
  to   space 3072K, 0% used [0x00000000eaf00000,0x00000000eaf00000,0x00000000eb200000)
 ParOldGen       total 669696K, used 669427K [0x00000000c0000000, 0x00000000e8e00000, 0x00000000eab00000)
  object space 669696K, 99% used [0x00000000c0000000,0x00000000e8dbce30,0x00000000e8e00000)
 Metaspace       used 74014K, committed 75520K, reserved 1179648K
  class space    used 7417K, committed 8064K, reserved 1048576K
}
Event: 229.339 GC heap after
{Heap after GC invocations=1473 (full 4):
 PSYoungGen      total 7168K, used 3040K [0x00000000eab00000, 0x00000000eb600000, 0x0000000100000000)
  eden space 4096K, 0% used [0x00000000eab00000,0x00000000eab00000,0x00000000eaf00000)
  from space 3072K, 98% used [0x00000000eaf00000,0x00000000eb1f8000,0x00000000eb200000)
  to   space 3584K, 0% used [0x00000000eb280000,0x00000000eb280000,0x00000000eb600000)
 ParOldGen       total 672256K, used 671928K [0x00000000c0000000, 0x00000000e9080000, 0x00000000eab00000)
  object space 672256K, 99% used [0x00000000c0000000,0x00000000e902e2c0,0x00000000e9080000)
 Metaspace       used 74014K, committed 75520K, reserved 1179648K
  class space    used 7417K, committed 8064K, reserved 1048576K
}
Event: 229.389 GC heap before
{Heap before GC invocations=1474 (full 4):
 PSYoungGen      total 7168K, used 7136K [0x00000000eab00000, 0x00000000eb600000, 0x0000000100000000)
  eden space 4096K, 100% used [0x00000000eab00000,0x00000000eaf00000,0x00000000eaf00000)
  from space 3072K, 98% used [0x00000000eaf00000,0x00000000eb1f8000,0x00000000eb200000)
  to   space 3584K, 0% used [0x00000000eb280000,0x00000000eb280000,0x00000000eb600000)
 ParOldGen       total 672256K, used 671928K [0x00000000c0000000, 0x00000000e9080000, 0x00000000eab00000)
  object space 672256K, 99% used [0x00000000c0000000,0x00000000e902e2c0,0x00000000e9080000)
 Metaspace       used 74014K, committed 75520K, reserved 1179648K
  class space    used 7417K, committed 8064K, reserved 1048576K
}
Event: 229.409 GC heap after
{Heap after GC invocations=1474 (full 4):
 PSYoungGen      total 7168K, used 7136K [0x00000000eab00000, 0x00000000eb600000, 0x0000000100000000)
  eden space 4096K, 100% used [0x00000000eab00000,0x00000000eaf00000,0x00000000eaf00000)
  from space 3072K, 98% used [0x00000000eaf00000,0x00000000eb1f8000,0x00000000eb200000)
  to   space 3584K, 77% used [0x00000000eb280000,0x00000000eb538000,0x00000000eb600000)
 ParOldGen       total 674304K, used 674296K [0x00000000c0000000, 0x00000000e9280000, 0x00000000eab00000)
  object space 674304K, 99% used [0x00000000c0000000,0x00000000e927e2c0,0x00000000e9280000)
 Metaspace       used 74014K, committed 75520K, reserved 1179648K
  class space    used 7417K, committed 8064K, reserved 1048576K
}
Event: 229.409 GC heap before
{Heap before GC invocations=1475 (full 5):
 PSYoungGen      total 7168K, used 7136K [0x00000000eab00000, 0x00000000eb600000, 0x0000000100000000)
  eden space 4096K, 100% used [0x00000000eab00000,0x00000000eaf00000,0x00000000eaf00000)
  from space 3072K, 98% used [0x00000000eaf00000,0x00000000eb1f8000,0x00000000eb200000)
  to   space 3584K, 77% used [0x00000000eb280000,0x00000000eb538000,0x00000000eb600000)
 ParOldGen       total 674304K, used 674296K [0x00000000c0000000, 0x00000000e9280000, 0x00000000eab00000)
  object space 674304K, 99% used [0x00000000c0000000,0x00000000e927e2c0,0x00000000e9280000)
 Metaspace       used 74014K, committed 75520K, reserved 1179648K
  class space    used 7417K, committed 8064K, reserved 1048576K
}

